Using pre-set license
Built from '2022.1/staging' branch; Version is '2022.1.10f1 (9aa0f82c4f96) revision 10133752'; Using compiler version '192829333'; Build Type 'Release'
OS: 'Windows 10  (10.0.19043) 64bit CoreSingleLanguage' Language: 'ru' Physical Memory: 16226 MB
BatchMode: 1, IsHumanControllingUs: 0, StartBugReporterOnCrash: 0, Is64bit: 1, IsPro: 1

COMMAND LINE ARGUMENTS:
D:\unity\2022.1.10f1\Editor\Unity.exe
-adb2
-batchMode
-noUpm
-name
AssetImportWorker2
-projectPath
D:/SoCityParis/So_City_Paris
-logFile
Logs/AssetImportWorker2.log
-srvPort
65338
Successfully changed project path to: D:/SoCityParis/So_City_Paris
D:/SoCityParis/So_City_Paris
[UnityMemory] Configuration Parameters - Can be set up in boot.config
    "memorysetup-bucket-allocator-granularity=16"
    "memorysetup-bucket-allocator-bucket-count=8"
    "memorysetup-bucket-allocator-block-size=33554432"
    "memorysetup-bucket-allocator-block-count=8"
    "memorysetup-main-allocator-block-size=16777216"
    "memorysetup-thread-allocator-block-size=16777216"
    "memorysetup-gfx-main-allocator-block-size=16777216"
    "memorysetup-gfx-thread-allocator-block-size=16777216"
    "memorysetup-cache-allocator-block-size=4194304"
    "memorysetup-typetree-allocator-block-size=2097152"
    "memorysetup-profiler-bucket-allocator-granularity=16"
    "memorysetup-profiler-bucket-allocator-bucket-count=8"
    "memorysetup-profiler-bucket-allocator-block-size=33554432"
    "memorysetup-profiler-bucket-allocator-block-count=8"
    "memorysetup-profiler-allocator-block-size=16777216"
    "memorysetup-profiler-editor-allocator-block-size=1048576"
    "memorysetup-temp-allocator-size-main=16777216"
    "memorysetup-job-temp-allocator-block-size=2097152"
    "memorysetup-job-temp-allocator-block-size-background=1048576"
    "memorysetup-job-temp-allocator-reduction-small-platforms=262144"
    "memorysetup-temp-allocator-size-background-worker=32768"
    "memorysetup-temp-allocator-size-job-worker=262144"
    "memorysetup-temp-allocator-size-preload-manager=33554432"
    "memorysetup-temp-allocator-size-nav-mesh-worker=65536"
    "memorysetup-temp-allocator-size-audio-worker=65536"
    "memorysetup-temp-allocator-size-cloud-worker=32768"
    "memorysetup-temp-allocator-size-gi-baking-worker=262144"
    "memorysetup-temp-allocator-size-gfx=262144"
Refreshing native plugins compatible for Editor in 118.43 ms, found 4 plugins.
Preloading 0 native plugins for Editor in 0.00 ms.
Initialize engine version: 2022.1.10f1 (9aa0f82c4f96)
[Subsystems] Discovering subsystems at path D:/unity/2022.1.10f1/Editor/Data/Resources/UnitySubsystems
[Subsystems] Discovering subsystems at path D:/SoCityParis/So_City_Paris/Assets
GfxDevice: creating device client; threaded=0; jobified=0
Direct3D:
    Version:  Direct3D 11.0 [level 11.1]
    Renderer: NVIDIA GeForce GTX 1060 (ID=0x1c20)
    Vendor:   NVIDIA
    VRAM:     6052 MB
    Driver:   30.0.14.7284
Initialize mono
Mono path[0] = 'D:/unity/2022.1.10f1/Editor/Data/Managed'
Mono path[1] = 'D:/unity/2022.1.10f1/Editor/Data/MonoBleedingEdge/lib/mono/unityjit-win32'
Mono config path = 'D:/unity/2022.1.10f1/Editor/Data/MonoBleedingEdge/etc'
Using monoOptions --debugger-agent=transport=dt_socket,embedding=1,server=y,suspend=n,address=127.0.0.1:56368
Begin MonoManager ReloadAssembly
Registering precompiled unity dll's ...
Register platform support module: D:/unity/2022.1.10f1/Editor/Data/PlaybackEngines/WindowsStandaloneSupport/UnityEditor.WindowsStandalone.Extensions.dll
Registered in 0.003327 seconds.
Native extension for WindowsStandalone target not found
Refreshing native plugins compatible for Editor in 128.19 ms, found 4 plugins.
Preloading 0 native plugins for Editor in 0.00 ms.
Mono: successfully reloaded assembly
- Completed reload, in  0.963 seconds
Domain Reload Profiling:
	ReloadAssembly (963ms)
		BeginReloadAssembly (89ms)
			ExecutionOrderSort (0ms)
			DisableScriptedObjects (0ms)
			BackupInstance (0ms)
			ReleaseScriptingObjects (0ms)
			CreateAndSetChildDomain (1ms)
		EndReloadAssembly (743ms)
			LoadAssemblies (88ms)
			RebuildTransferFunctionScriptingTraits (0ms)
			SetupTypeCache (186ms)
				TypeCache.Initialize (185ms)
					TypeCache.ScanAssembly (182ms)
				ResolveRequiredComponents (1ms)
			ReleaseScriptCaches (0ms)
			RebuildScriptCaches (43ms)
			SetupLoadedEditorAssemblies (421ms)
				LogAssemblyErrors (0ms)
				InitializePlatformSupportModulesInManaged (8ms)
				SetLoadedEditorAssemblies (9ms)
				RefreshPlugins (128ms)
				BeforeProcessingInitializeOnLoad (2ms)
				ProcessInitializeOnLoadAttributes (200ms)
				ProcessInitializeOnLoadMethodAttributes (74ms)
				AfterProcessingInitializeOnLoad (0ms)
				EditorAssembliesLoaded (0ms)
			ExecutionOrderSort2 (0ms)
			AwakeInstancesAfterBackupRestoration (0ms)
Platform modules already initialized, skipping
Registering precompiled user dll's ...
Registered in 0.007058 seconds.
Begin MonoManager ReloadAssembly
Symbol file LoadedFromMemory doesn't match image D:\SoCityParis\So_City_Paris\Library\PackageCache\com.unity.visualscripting@1.7.8\Editor\VisualScripting.Core\Dependencies\YamlDotNet\Unity.VisualScripting.YamlDotNet.dll
Symbol file LoadedFromMemory doesn't match image D:\SoCityParis\So_City_Paris\Library\PackageCache\com.unity.visualscripting@1.7.8\Editor\VisualScripting.Core\Dependencies\DotNetZip\Unity.VisualScripting.IonicZip.dll
Native extension for WindowsStandalone target not found
Refreshing native plugins compatible for Editor in 122.36 ms, found 4 plugins.
Preloading 0 native plugins for Editor in 0.00 ms.
Mono: successfully reloaded assembly
- Completed reload, in  1.575 seconds
Domain Reload Profiling:
	ReloadAssembly (1576ms)
		BeginReloadAssembly (148ms)
			ExecutionOrderSort (0ms)
			DisableScriptedObjects (7ms)
			BackupInstance (0ms)
			ReleaseScriptingObjects (0ms)
			CreateAndSetChildDomain (29ms)
		EndReloadAssembly (1276ms)
			LoadAssemblies (107ms)
			RebuildTransferFunctionScriptingTraits (0ms)
			SetupTypeCache (335ms)
				TypeCache.Initialize (329ms)
					TypeCache.ScanAssembly (324ms)
				ResolveRequiredComponents (6ms)
			ReleaseScriptCaches (1ms)
			RebuildScriptCaches (80ms)
			SetupLoadedEditorAssemblies (685ms)
				LogAssemblyErrors (0ms)
				InitializePlatformSupportModulesInManaged (6ms)
				SetLoadedEditorAssemblies (10ms)
				RefreshPlugins (122ms)
				BeforeProcessingInitializeOnLoad (117ms)
				ProcessInitializeOnLoadAttributes (369ms)
				ProcessInitializeOnLoadMethodAttributes (57ms)
				AfterProcessingInitializeOnLoad (4ms)
				EditorAssembliesLoaded (1ms)
			ExecutionOrderSort2 (0ms)
			AwakeInstancesAfterBackupRestoration (8ms)
Platform modules already initialized, skipping
========================================================================
Worker process is ready to serve import requests
Launched and connected shader compiler UnityShaderCompiler.exe after 0.08 seconds
Refreshing native plugins compatible for Editor in 1.25 ms, found 4 plugins.
Preloading 0 native plugins for Editor in 0.00 ms.
Unloading 4094 Unused Serialized files (Serialized files now loaded: 0)
Unloading 39 unused Assets / (58.0 KB). Loaded Objects now: 4551.
Memory consumption went from 0.62 GB to 0.62 GB.
Total: 4.911600 ms (FindLiveObjects: 0.399200 ms CreateObjectMapping: 0.414100 ms MarkObjects: 3.976600 ms  DeleteObjects: 0.120100 ms)

AssetImportParameters requested are different than current active one (requested -> active):
  custom:video-decoder-ogg-theora: a1e56fd34408186e4bbccfd4996cb3dc -> 
  custom:container-muxer-webm: aa71ff27fc2769a1b78a27578f13a17b -> 
  custom:container-demuxer-webm: 4f35f7cbe854078d1ac9338744f61a02 -> 
  custom:video-encoder-webm-vp8: eb34c28f22e8b96e1ab97ce403110664 -> 
  custom:audio-encoder-webm-vorbis: bf7c407c2cedff20999df2af8eb42d56 -> 
  custom:framework-win-MediaFoundation: 216162199b28c13a410421893ffa2e32 -> 
  custom:container-demuxer-ogg: 62fdf1f143b41e24485cea50d1cbac27 -> 
  custom:video-decoder-webm-vp8: 9c59270c3fd7afecdb556c50c9e8de78 -> 
  custom:audio-decoder-ogg-vorbis: bf7c407c2cedff20999df2af8eb42d56 -> 
========================================================================
Received Import Request.
  Time since last request: 654253.744196 seconds.
  path: Assets/Prefabs/Furniture Prefabs/Three.prefab
  artifactKey: Guid(c13eb8132521a5d48b950b382a0d10b8) Importer(815301076,1909f56bfc062723c751e8b465ee728b)
Start importing Assets/Prefabs/Furniture Prefabs/Three.prefab using Guid(c13eb8132521a5d48b950b382a0d10b8) Importer(815301076,1909f56bfc062723c751e8b465ee728b)  -> (artifact id: '55501ec7a200ab2cb529c437aa1a6a62') in 0.138701 seconds 
========================================================================
Received Import Request.
  Time since last request: 13.061657 seconds.
  path: Assets/Sprites/Enviroment/Mess/mess.png
  artifactKey: Guid(edc4e97e25de44945aef7a331845c15a) Importer(815301076,1909f56bfc062723c751e8b465ee728b)
Start importing Assets/Sprites/Enviroment/Mess/mess.png using Guid(edc4e97e25de44945aef7a331845c15a) Importer(815301076,1909f56bfc062723c751e8b465ee728b)  -> (artifact id: 'ab92d645859844e3a0d56ab7d5f0bc07') in 0.182527 seconds 
========================================================================
Received Import Request.
  Time since last request: 18.850249 seconds.
  path: Assets/Sprites/Enviroment/Furniture/furniture.png
  artifactKey: Guid(fef8b0d226928f8418eb79fafe80a381) Importer(815301076,1909f56bfc062723c751e8b465ee728b)
Start importing Assets/Sprites/Enviroment/Furniture/furniture.png using Guid(fef8b0d226928f8418eb79fafe80a381) Importer(815301076,1909f56bfc062723c751e8b465ee728b)  -> (artifact id: '40a7fa217e2d0bed8df106f1f0330d82') in 0.079121 seconds 
========================================================================
Received Import Request.
  Time since last request: 13.249139 seconds.
  path: Assets/Sprites/Enviroment/Furniture/furniture.png
  artifactKey: Guid(fef8b0d226928f8418eb79fafe80a381) Importer(815301076,1909f56bfc062723c751e8b465ee728b)
Start importing Assets/Sprites/Enviroment/Furniture/furniture.png using Guid(fef8b0d226928f8418eb79fafe80a381) Importer(815301076,1909f56bfc062723c751e8b465ee728b)  -> (artifact id: '36231fb302a666da7c7cdb9cd5a58a90') in 0.063740 seconds 
========================================================================
Received Import Request.
  Time since last request: 4.666505 seconds.
  path: Assets/Prefabs/Furniture Prefabs/Balk.prefab
  artifactKey: Guid(f03adedcab115f54680c9930ca5a532a) Importer(815301076,1909f56bfc062723c751e8b465ee728b)
Start importing Assets/Prefabs/Furniture Prefabs/Balk.prefab using Guid(f03adedcab115f54680c9930ca5a532a) Importer(815301076,1909f56bfc062723c751e8b465ee728b)  -> (artifact id: 'f09e59ef767c545d05ec37a20c584814') in 0.038977 seconds 
========================================================================
Received Import Request.
  Time since last request: 0.000029 seconds.
  path: Assets/Prefabs/Furniture Prefabs/Luster.prefab
  artifactKey: Guid(afc5ceac058ce0c4b8d9783be92de856) Importer(815301076,1909f56bfc062723c751e8b465ee728b)
Start importing Assets/Prefabs/Furniture Prefabs/Luster.prefab using Guid(afc5ceac058ce0c4b8d9783be92de856) Importer(815301076,1909f56bfc062723c751e8b465ee728b)  -> (artifact id: 'a220f6ac8239cd34d5de4910e0c2efe6') in 0.017021 seconds 
========================================================================
Received Import Request.
  Time since last request: 0.000025 seconds.
  path: Assets/Prefabs/Furniture Prefabs/BoxEmpty.prefab
  artifactKey: Guid(6374416a053c6e447840b190b463ddfa) Importer(815301076,1909f56bfc062723c751e8b465ee728b)
Start importing Assets/Prefabs/Furniture Prefabs/BoxEmpty.prefab using Guid(6374416a053c6e447840b190b463ddfa) Importer(815301076,1909f56bfc062723c751e8b465ee728b)  -> (artifact id: 'e5cf63a0f560957720a9c1e786a8b6e7') in 0.015431 seconds 
========================================================================
Received Import Request.
  Time since last request: 0.000022 seconds.
  path: Assets/Prefabs/Furniture Prefabs/DoorForEnemy1.prefab
  artifactKey: Guid(e4304d37ca65ef047b2f8a676f74476d) Importer(815301076,1909f56bfc062723c751e8b465ee728b)
Start importing Assets/Prefabs/Furniture Prefabs/DoorForEnemy1.prefab using Guid(e4304d37ca65ef047b2f8a676f74476d) Importer(815301076,1909f56bfc062723c751e8b465ee728b)  -> (artifact id: 'bd2f46445dd1c3afba977e81fb6679cd') in 0.013269 seconds 
========================================================================
Received Import Request.
  Time since last request: 0.000027 seconds.
  path: Assets/Prefabs/Furniture Prefabs/BoxWithBoABeer.prefab
  artifactKey: Guid(6c8c093d2a551cc47893becc0d7b313a) Importer(815301076,1909f56bfc062723c751e8b465ee728b)
Start importing Assets/Prefabs/Furniture Prefabs/BoxWithBoABeer.prefab using Guid(6c8c093d2a551cc47893becc0d7b313a) Importer(815301076,1909f56bfc062723c751e8b465ee728b)  -> (artifact id: '5cbdd202c6aa45a13f3f09a32b07d34e') in 0.014711 seconds 
========================================================================
Received Import Request.
  Time since last request: 0.000035 seconds.
  path: Assets/Prefabs/Furniture Prefabs/LittleBox.prefab
  artifactKey: Guid(54933c8a022cf294e8b4982ae922957f) Importer(815301076,1909f56bfc062723c751e8b465ee728b)
Start importing Assets/Prefabs/Furniture Prefabs/LittleBox.prefab using Guid(54933c8a022cf294e8b4982ae922957f) Importer(815301076,1909f56bfc062723c751e8b465ee728b)  -> (artifact id: '4b154af91fa4d73f6521837fc2ab435c') in 0.016746 seconds 
========================================================================
Received Import Request.
  Time since last request: 0.000025 seconds.
  path: Assets/Prefabs/Furniture Prefabs/Table.prefab
  artifactKey: Guid(974f94f8368df164f815a3d8364183f5) Importer(815301076,1909f56bfc062723c751e8b465ee728b)
Start importing Assets/Prefabs/Furniture Prefabs/Table.prefab using Guid(974f94f8368df164f815a3d8364183f5) Importer(815301076,1909f56bfc062723c751e8b465ee728b)  -> (artifact id: '095a7055d3743f5349747eecb2a4fb26') in 0.011671 seconds 
========================================================================
Received Import Request.
  Time since last request: 0.000022 seconds.
  path: Assets/Prefabs/Furniture Prefabs/Chair.prefab
  artifactKey: Guid(7dd2e983a2c89624fb9338ed7639a32e) Importer(815301076,1909f56bfc062723c751e8b465ee728b)
Start importing Assets/Prefabs/Furniture Prefabs/Chair.prefab using Guid(7dd2e983a2c89624fb9338ed7639a32e) Importer(815301076,1909f56bfc062723c751e8b465ee728b)  -> (artifact id: '0020c17084d3e5d14098c3bbb7fd2540') in 0.011546 seconds 
========================================================================
Received Import Request.
  Time since last request: 28.400550 seconds.
  path: Assets/Prefabs/Furniture Prefabs/Balk.prefab
  artifactKey: Guid(f03adedcab115f54680c9930ca5a532a) Importer(815301076,1909f56bfc062723c751e8b465ee728b)
Start importing Assets/Prefabs/Furniture Prefabs/Balk.prefab using Guid(f03adedcab115f54680c9930ca5a532a) Importer(815301076,1909f56bfc062723c751e8b465ee728b)  -> (artifact id: '22908155733e295986d2dfe3b32e941b') in 0.043987 seconds 
========================================================================
Received Import Request.
  Time since last request: 1.147194 seconds.
  path: Assets/Prefabs/Furniture Prefabs/Balk.prefab
  artifactKey: Guid(f03adedcab115f54680c9930ca5a532a) Importer(815301076,1909f56bfc062723c751e8b465ee728b)
Start importing Assets/Prefabs/Furniture Prefabs/Balk.prefab using Guid(f03adedcab115f54680c9930ca5a532a) Importer(815301076,1909f56bfc062723c751e8b465ee728b)  -> (artifact id: 'f619b924eee70f37d80d934283918ad6') in 0.021160 seconds 
========================================================================
Received Import Request.
  Time since last request: 1.860185 seconds.
  path: Assets/Prefabs/Furniture Prefabs/Balk.prefab
  artifactKey: Guid(f03adedcab115f54680c9930ca5a532a) Importer(815301076,1909f56bfc062723c751e8b465ee728b)
Start importing Assets/Prefabs/Furniture Prefabs/Balk.prefab using Guid(f03adedcab115f54680c9930ca5a532a) Importer(815301076,1909f56bfc062723c751e8b465ee728b)  -> (artifact id: 'bd00f67c7bd18ad4de885d70d3ff111e') in 0.008923 seconds 
========================================================================
Received Import Request.
  Time since last request: 6.845170 seconds.
  path: Assets/Prefabs/Furniture Prefabs/Balk 1.prefab
  artifactKey: Guid(29fc0c5bda5f8ab4b8a6b0b65aa7fdc4) Importer(815301076,1909f56bfc062723c751e8b465ee728b)
Start importing Assets/Prefabs/Furniture Prefabs/Balk 1.prefab using Guid(29fc0c5bda5f8ab4b8a6b0b65aa7fdc4) Importer(815301076,1909f56bfc062723c751e8b465ee728b)  -> (artifact id: 'c0aed7c824ec7e97b3c0f8fa2689c5e9') in 0.056679 seconds 
========================================================================
Received Import Request.
  Time since last request: 6.445225 seconds.
  path: Assets/Prefabs/Furniture Prefabs/Balk 1.prefab
  artifactKey: Guid(29fc0c5bda5f8ab4b8a6b0b65aa7fdc4) Importer(815301076,1909f56bfc062723c751e8b465ee728b)
Start importing Assets/Prefabs/Furniture Prefabs/Balk 1.prefab using Guid(29fc0c5bda5f8ab4b8a6b0b65aa7fdc4) Importer(815301076,1909f56bfc062723c751e8b465ee728b)  -> (artifact id: '9660002375fab399ffadef0da9449b13') in 0.012568 seconds 
========================================================================
Received Import Request.
  Time since last request: 20.181784 seconds.
  path: Assets/Prefabs/Furniture Prefabs/Days counter.prefab
  artifactKey: Guid(cd6ff1ee9f7834d46b62b55f3fbf9aec) Importer(815301076,1909f56bfc062723c751e8b465ee728b)
Start importing Assets/Prefabs/Furniture Prefabs/Days counter.prefab using Guid(cd6ff1ee9f7834d46b62b55f3fbf9aec) Importer(815301076,1909f56bfc062723c751e8b465ee728b)  -> (artifact id: '381e75cc7f36fc526ba1acefd47f0836') in 0.105913 seconds 
========================================================================
Received Import Request.
  Time since last request: 11.462046 seconds.
  path: Assets/Prefabs/Furniture Prefabs/DoorForEnemy1.prefab
  artifactKey: Guid(e4304d37ca65ef047b2f8a676f74476d) Importer(815301076,1909f56bfc062723c751e8b465ee728b)
Start importing Assets/Prefabs/Furniture Prefabs/DoorForEnemy1.prefab using Guid(e4304d37ca65ef047b2f8a676f74476d) Importer(815301076,1909f56bfc062723c751e8b465ee728b)  -> (artifact id: 'dd36bfe41edef7d64ea1e5c4de743b69') in 0.027201 seconds 
========================================================================
Received Import Request.
  Time since last request: 15.059343 seconds.
  path: Assets/Prefabs/Furniture Prefabs/DoorForEnemy2 1.prefab
  artifactKey: Guid(fabf301d0e35ffb4093c2546a6e3864a) Importer(815301076,1909f56bfc062723c751e8b465ee728b)
Start importing Assets/Prefabs/Furniture Prefabs/DoorForEnemy2 1.prefab using Guid(fabf301d0e35ffb4093c2546a6e3864a) Importer(815301076,1909f56bfc062723c751e8b465ee728b)  -> (artifact id: '9b313abf8d692ba90e73d43bcca2243f') in 0.064532 seconds 
========================================================================
Received Import Request.
  Time since last request: 4.446027 seconds.
  path: Assets/Prefabs/Furniture Prefabs/Door.prefab
  artifactKey: Guid(8c205755ec1f0af40bab2d81ec31ee82) Importer(815301076,1909f56bfc062723c751e8b465ee728b)
Start importing Assets/Prefabs/Furniture Prefabs/Door.prefab using Guid(8c205755ec1f0af40bab2d81ec31ee82) Importer(815301076,1909f56bfc062723c751e8b465ee728b)  -> (artifact id: 'b0e3a16d4f86e9dc3a0753158a86ba88') in 0.028280 seconds 
========================================================================
Received Import Request.
  Time since last request: 11.898834 seconds.
  path: Assets/Prefabs/Furniture Prefabs/DoorForEnemy3.prefab
  artifactKey: Guid(db7b29945f7a82849a993b2cdf24f689) Importer(815301076,1909f56bfc062723c751e8b465ee728b)
Start importing Assets/Prefabs/Furniture Prefabs/DoorForEnemy3.prefab using Guid(db7b29945f7a82849a993b2cdf24f689) Importer(815301076,1909f56bfc062723c751e8b465ee728b)  -> (artifact id: 'e13939ab521572619a2dc68c72fc6ee2') in 0.018786 seconds 
========================================================================
Received Import Request.
  Time since last request: 17.009776 seconds.
  path: Assets/Prefabs/Furniture Prefabs/Luster.prefab
  artifactKey: Guid(afc5ceac058ce0c4b8d9783be92de856) Importer(815301076,1909f56bfc062723c751e8b465ee728b)
Start importing Assets/Prefabs/Furniture Prefabs/Luster.prefab using Guid(afc5ceac058ce0c4b8d9783be92de856) Importer(815301076,1909f56bfc062723c751e8b465ee728b)  -> (artifact id: '39a6708bdbdd414982c6771b5c1547ab') in 0.014753 seconds 
========================================================================
Received Import Request.
  Time since last request: 35.219026 seconds.
  path: Assets/Prefabs/Furniture Prefabs/Phone With Table.prefab
  artifactKey: Guid(ee09ec88e0c408f4cb2c269dbeb4a271) Importer(815301076,1909f56bfc062723c751e8b465ee728b)
Start importing Assets/Prefabs/Furniture Prefabs/Phone With Table.prefab using Guid(ee09ec88e0c408f4cb2c269dbeb4a271) Importer(815301076,1909f56bfc062723c751e8b465ee728b)  -> (artifact id: 'c87ac9af01597bb147e00386a4e4c688') in 0.286657 seconds 
========================================================================
Received Import Request.
  Time since last request: 10.837502 seconds.
  path: Assets/Prefabs/Furniture Prefabs/Stairs.prefab
  artifactKey: Guid(801b1f2478b9f1f4a9365834749d1f7a) Importer(815301076,1909f56bfc062723c751e8b465ee728b)
Start importing Assets/Prefabs/Furniture Prefabs/Stairs.prefab using Guid(801b1f2478b9f1f4a9365834749d1f7a) Importer(815301076,1909f56bfc062723c751e8b465ee728b)  -> (artifact id: '30ebc6fd417e7bedbfd206f33075cfc5') in 0.012526 seconds 
========================================================================
Received Import Request.
  Time since last request: 11.729663 seconds.
  path: Assets/Prefabs/Furniture Prefabs/Stairs1.prefab
  artifactKey: Guid(f8139110fd58b894c96abf4402bce2ab) Importer(815301076,1909f56bfc062723c751e8b465ee728b)
Start importing Assets/Prefabs/Furniture Prefabs/Stairs1.prefab using Guid(f8139110fd58b894c96abf4402bce2ab) Importer(815301076,1909f56bfc062723c751e8b465ee728b)  -> (artifact id: '211f65bd6d4ef4f2847877408b4fc184') in 0.009241 seconds 
========================================================================
Received Import Request.
  Time since last request: 4.062196 seconds.
  path: Assets/Prefabs/Furniture Prefabs/Stairs.prefab
  artifactKey: Guid(801b1f2478b9f1f4a9365834749d1f7a) Importer(815301076,1909f56bfc062723c751e8b465ee728b)
Start importing Assets/Prefabs/Furniture Prefabs/Stairs.prefab using Guid(801b1f2478b9f1f4a9365834749d1f7a) Importer(815301076,1909f56bfc062723c751e8b465ee728b)  -> (artifact id: '1b4960b96ff8acbc9043f5df33f04e11') in 0.009754 seconds 
========================================================================
Received Import Request.
  Time since last request: 24.218240 seconds.
  path: Assets/Prefabs/Furniture Prefabs/Barrel.prefab
  artifactKey: Guid(3913ce8f135e3104794ce905621f6620) Importer(815301076,1909f56bfc062723c751e8b465ee728b)
Start importing Assets/Prefabs/Furniture Prefabs/Barrel.prefab using Guid(3913ce8f135e3104794ce905621f6620) Importer(815301076,1909f56bfc062723c751e8b465ee728b)  -> (artifact id: 'f6a913f62609332079006244fbe45870') in 0.114649 seconds 
========================================================================
Received Import Request.
  Time since last request: 16.524216 seconds.
  path: Assets/Prefabs/Furniture Prefabs/Vedro.prefab
  artifactKey: Guid(2302bf8d47124d64fbdcf92f547e1329) Importer(815301076,1909f56bfc062723c751e8b465ee728b)
Start importing Assets/Prefabs/Furniture Prefabs/Vedro.prefab using Guid(2302bf8d47124d64fbdcf92f547e1329) Importer(815301076,1909f56bfc062723c751e8b465ee728b)  -> (artifact id: 'b9b94d7009da16fc69639464e8e1bb87') in 0.017453 seconds 
========================================================================
Received Import Request.
  Time since last request: 22.938498 seconds.
  path: Assets/Prefabs/Furniture Prefabs/BeerBottle.prefab
  artifactKey: Guid(f22e50da8bee81b4081039662e55acc8) Importer(815301076,1909f56bfc062723c751e8b465ee728b)
Start importing Assets/Prefabs/Furniture Prefabs/BeerBottle.prefab using Guid(f22e50da8bee81b4081039662e55acc8) Importer(815301076,1909f56bfc062723c751e8b465ee728b)  -> (artifact id: '7fc7c2cee178767dd4e4cdcffc094e35') in 0.011841 seconds 
========================================================================
Received Import Request.
  Time since last request: 476.150014 seconds.
  path: Assets/Prefabs/Furniture Prefabs/Phone.prefab
  artifactKey: Guid(35950daa1f8149d4c990799c36b23320) Importer(815301076,1909f56bfc062723c751e8b465ee728b)
Start importing Assets/Prefabs/Furniture Prefabs/Phone.prefab using Guid(35950daa1f8149d4c990799c36b23320) Importer(815301076,1909f56bfc062723c751e8b465ee728b)  -> (artifact id: '8bcf728542919ad11b4055e3c616afef') in 0.023696 seconds 
========================================================================
Received Import Request.
  Time since last request: 0.000034 seconds.
  path: Assets/Prefabs/Furniture Prefabs/Poster.prefab
  artifactKey: Guid(067b724ee1dd9884684251ebf47e8379) Importer(815301076,1909f56bfc062723c751e8b465ee728b)
Start importing Assets/Prefabs/Furniture Prefabs/Poster.prefab using Guid(067b724ee1dd9884684251ebf47e8379) Importer(815301076,1909f56bfc062723c751e8b465ee728b)  -> (artifact id: '0a954c7064552ba8a8636d14f9631324') in 0.019226 seconds 
========================================================================
Received Import Request.
  Time since last request: 5.348784 seconds.
  path: Assets/Prefabs/Furniture Prefabs/Rich table with COCO.prefab
  artifactKey: Guid(c9aebecf09130494a8c8b3999e7fa893) Importer(815301076,1909f56bfc062723c751e8b465ee728b)
Start importing Assets/Prefabs/Furniture Prefabs/Rich table with COCO.prefab using Guid(c9aebecf09130494a8c8b3999e7fa893) Importer(815301076,1909f56bfc062723c751e8b465ee728b)  -> (artifact id: '0db6eea7e2885f45cced62fcc2ca79ab') in 0.013131 seconds 
========================================================================
Received Import Request.
  Time since last request: 0.006261 seconds.
  path: Assets/Prefabs/Furniture Prefabs/Rich chair.prefab
  artifactKey: Guid(9e0aafc0ffcac4d4c818d6324adfda43) Importer(815301076,1909f56bfc062723c751e8b465ee728b)
Start importing Assets/Prefabs/Furniture Prefabs/Rich chair.prefab using Guid(9e0aafc0ffcac4d4c818d6324adfda43) Importer(815301076,1909f56bfc062723c751e8b465ee728b)  -> (artifact id: '0bc55fd206f2d867f46f6b2665f51e85') in 0.021846 seconds 
========================================================================
Received Import Request.
  Time since last request: 41.620133 seconds.
  path: Assets/Prefabs/MainCharacter.prefab
  artifactKey: Guid(8bff3a73a0dbe0145abe03ada8468ffb) Importer(815301076,1909f56bfc062723c751e8b465ee728b)
Start importing Assets/Prefabs/MainCharacter.prefab using Guid(8bff3a73a0dbe0145abe03ada8468ffb) Importer(815301076,1909f56bfc062723c751e8b465ee728b)  -> (artifact id: 'ff061bb8f6c02baa926d5d153429bcb8') in 0.051434 seconds 
========================================================================
Received Import Request.
  Time since last request: 44.245215 seconds.
  path: Packages/com.unity.2d.sprite/Editor/ObjectMenuCreation/DefaultAssets/Textures/v2/9Sliced.png
  artifactKey: Guid(8884154dfe85442a3a3578be807dbcdf) Importer(815301076,1909f56bfc062723c751e8b465ee728b)
Start importing Packages/com.unity.2d.sprite/Editor/ObjectMenuCreation/DefaultAssets/Textures/v2/9Sliced.png using Guid(8884154dfe85442a3a3578be807dbcdf) Importer(815301076,1909f56bfc062723c751e8b465ee728b)  -> (artifact id: 'e22c13c7e95a0437629cd708bacc20c4') in 0.025684 seconds 
========================================================================
Received Import Request.
  Time since last request: 0.000020 seconds.
  path: Packages/com.unity.2d.sprite/Editor/ObjectMenuCreation/DefaultAssets/Textures/9-Sliced.png
  artifactKey: Guid(71ebafeef3c03457483266a33ab2b270) Importer(815301076,1909f56bfc062723c751e8b465ee728b)
Start importing Packages/com.unity.2d.sprite/Editor/ObjectMenuCreation/DefaultAssets/Textures/9-Sliced.png using Guid(71ebafeef3c03457483266a33ab2b270) Importer(815301076,1909f56bfc062723c751e8b465ee728b)  -> (artifact id: 'ed77dbd17bbbc4446d7adf56385a7545') in 0.071072 seconds 
========================================================================
Received Import Request.
  Time since last request: 0.000031 seconds.
  path: Packages/com.unity.2d.animation/Editor/Assets/ComponentIcons/Animation.SpriteLibrary On@32.png
  artifactKey: Guid(fad537f7b1df74e869915bbab4356a0f) Importer(815301076,1909f56bfc062723c751e8b465ee728b)
Start importing Packages/com.unity.2d.animation/Editor/Assets/ComponentIcons/Animation.SpriteLibrary On@32.png using Guid(fad537f7b1df74e869915bbab4356a0f) Importer(815301076,1909f56bfc062723c751e8b465ee728b)  -> (artifact id: 'f4098f932c33a2936a06ce3719dec913') in 0.067457 seconds 
========================================================================
Received Import Request.
  Time since last request: 0.000030 seconds.
  path: Packages/com.unity.2d.animation/Editor/Assets/ComponentIcons/Animation.SpriteLibrary On@64.png
  artifactKey: Guid(19370790a791d4fc99ee3830251366f8) Importer(815301076,1909f56bfc062723c751e8b465ee728b)
Start importing Packages/com.unity.2d.animation/Editor/Assets/ComponentIcons/Animation.SpriteLibrary On@64.png using Guid(19370790a791d4fc99ee3830251366f8) Importer(815301076,1909f56bfc062723c751e8b465ee728b)  -> (artifact id: 'ff704b53b53ac3f8f8b22ebe197958d3') in 0.033261 seconds 
========================================================================
Received Import Request.
  Time since last request: 0.000018 seconds.
  path: Packages/com.unity.2d.animation/Editor/Assets/ComponentIcons/Animation.SpriteLibrary.png
  artifactKey: Guid(3024cb66f112f47f599953fe508d632f) Importer(815301076,1909f56bfc062723c751e8b465ee728b)
Start importing Packages/com.unity.2d.animation/Editor/Assets/ComponentIcons/Animation.SpriteLibrary.png using Guid(3024cb66f112f47f599953fe508d632f) Importer(815301076,1909f56bfc062723c751e8b465ee728b)  -> (artifact id: '602c61d9ae4403fb355650bb68980f2e') in 0.019618 seconds 
========================================================================
Received Import Request.
  Time since last request: 0.000020 seconds.
  path: Packages/com.unity.2d.animation/Editor/Assets/ComponentIcons/Animation.SpriteLibrary@32.png
  artifactKey: Guid(5c6d7a5595d5b4713980d6a92eb6fced) Importer(815301076,1909f56bfc062723c751e8b465ee728b)
Start importing Packages/com.unity.2d.animation/Editor/Assets/ComponentIcons/Animation.SpriteLibrary@32.png using Guid(5c6d7a5595d5b4713980d6a92eb6fced) Importer(815301076,1909f56bfc062723c751e8b465ee728b)  -> (artifact id: '1de1b1a3fd412385d1d2d0481eb94c3f') in 0.039471 seconds 
========================================================================
Received Import Request.
  Time since last request: 0.000020 seconds.
  path: Packages/com.unity.2d.animation/Editor/Assets/ComponentIcons/Animation.SpriteLibrary@128.png
  artifactKey: Guid(efb08993e46994800a736d1f88e89019) Importer(815301076,1909f56bfc062723c751e8b465ee728b)
Start importing Packages/com.unity.2d.animation/Editor/Assets/ComponentIcons/Animation.SpriteLibrary@128.png using Guid(efb08993e46994800a736d1f88e89019) Importer(815301076,1909f56bfc062723c751e8b465ee728b)  -> (artifact id: '9faaf68eb8f4984d78aa071d1c5dceb1') in 0.057814 seconds 
========================================================================
Received Import Request.
  Time since last request: 0.000023 seconds.
  path: Packages/com.unity.2d.animation/Editor/Assets/ComponentIcons/Animation.SpriteLibraryManager On.png
  artifactKey: Guid(aea51f1a175ef466e95835d2787d061f) Importer(815301076,1909f56bfc062723c751e8b465ee728b)
Start importing Packages/com.unity.2d.animation/Editor/Assets/ComponentIcons/Animation.SpriteLibraryManager On.png using Guid(aea51f1a175ef466e95835d2787d061f) Importer(815301076,1909f56bfc062723c751e8b465ee728b)  -> (artifact id: '3768d5eda60050375502a0d5b08de452') in 0.016431 seconds 
========================================================================
Received Import Request.
  Time since last request: 0.000019 seconds.
  path: Packages/com.unity.2d.animation/Editor/Assets/ComponentIcons/Animation.SpriteLibraryManager On@128.png
  artifactKey: Guid(57f8befb92b364ca1bcae0f34c27e2d3) Importer(815301076,1909f56bfc062723c751e8b465ee728b)
Start importing Packages/com.unity.2d.animation/Editor/Assets/ComponentIcons/Animation.SpriteLibraryManager On@128.png using Guid(57f8befb92b364ca1bcae0f34c27e2d3) Importer(815301076,1909f56bfc062723c751e8b465ee728b)  -> (artifact id: '2fb83aa0db40d1ebf523fd3e9fabbeab') in 0.018632 seconds 
========================================================================
Received Import Request.
  Time since last request: 0.000023 seconds.
  path: Packages/com.unity.2d.animation/Editor/Assets/ComponentIcons/Animation.SpriteLibraryManager@32.png
  artifactKey: Guid(3b9a6aa9cd66c475ea8cba88e186779f) Importer(815301076,1909f56bfc062723c751e8b465ee728b)
Start importing Packages/com.unity.2d.animation/Editor/Assets/ComponentIcons/Animation.SpriteLibraryManager@32.png using Guid(3b9a6aa9cd66c475ea8cba88e186779f) Importer(815301076,1909f56bfc062723c751e8b465ee728b)  -> (artifact id: '52710b1a10239b3d64b320a0d79de5c4') in 0.032737 seconds 
========================================================================
Received Import Request.
  Time since last request: 0.000024 seconds.
  path: Packages/com.unity.2d.animation/Editor/Assets/ComponentIcons/Animation.SpriteLibraryManager@64.png
  artifactKey: Guid(8018f7f22eae14c4b8c25d466fa0d8e8) Importer(815301076,1909f56bfc062723c751e8b465ee728b)
Start importing Packages/com.unity.2d.animation/Editor/Assets/ComponentIcons/Animation.SpriteLibraryManager@64.png using Guid(8018f7f22eae14c4b8c25d466fa0d8e8) Importer(815301076,1909f56bfc062723c751e8b465ee728b)  -> (artifact id: '51ee5af3ac8332a3c3461466de4494be') in 0.045115 seconds 
========================================================================
Received Import Request.
  Time since last request: 0.000017 seconds.
  path: Packages/com.unity.2d.animation/Editor/Assets/ComponentIcons/Animation.SpriteLibraryManager@128.png
  artifactKey: Guid(d1c6278de296d42b6a5c6330b16ab729) Importer(815301076,1909f56bfc062723c751e8b465ee728b)
Start importing Packages/com.unity.2d.animation/Editor/Assets/ComponentIcons/Animation.SpriteLibraryManager@128.png using Guid(d1c6278de296d42b6a5c6330b16ab729) Importer(815301076,1909f56bfc062723c751e8b465ee728b)  -> (artifact id: '9af6470f1daed9c13c878c8cd331852a') in 0.018837 seconds 
========================================================================
Received Import Request.
  Time since last request: 0.000017 seconds.
  path: Packages/com.unity.2d.animation/Editor/Assets/ComponentIcons/Animation.SpriteLibraryVar On.png
  artifactKey: Guid(18115dbbb843441ac95e0b3a372d9807) Importer(815301076,1909f56bfc062723c751e8b465ee728b)
Start importing Packages/com.unity.2d.animation/Editor/Assets/ComponentIcons/Animation.SpriteLibraryVar On.png using Guid(18115dbbb843441ac95e0b3a372d9807) Importer(815301076,1909f56bfc062723c751e8b465ee728b)  -> (artifact id: '70a3e263fddf55837e107dca7236be62') in 0.028461 seconds 
========================================================================
Received Import Request.
  Time since last request: 0.000017 seconds.
  path: Packages/com.unity.2d.animation/Editor/Assets/ComponentIcons/Animation.SpriteLibraryVar On@32.png
  artifactKey: Guid(2a8bf227319d4421f91d9375e3ae59bf) Importer(815301076,1909f56bfc062723c751e8b465ee728b)
Start importing Packages/com.unity.2d.animation/Editor/Assets/ComponentIcons/Animation.SpriteLibraryVar On@32.png using Guid(2a8bf227319d4421f91d9375e3ae59bf) Importer(815301076,1909f56bfc062723c751e8b465ee728b)  -> (artifact id: 'e9eb32df2dc097de50cb9296c2b98fcc') in 0.017029 seconds 
========================================================================
Received Import Request.
  Time since last request: 0.000018 seconds.
  path: Packages/com.unity.2d.animation/Editor/Assets/ComponentIcons/Animation.SpriteLibraryVar@32.png
  artifactKey: Guid(3e3d41c162ad74767b66168d4d94b99c) Importer(815301076,1909f56bfc062723c751e8b465ee728b)
Start importing Packages/com.unity.2d.animation/Editor/Assets/ComponentIcons/Animation.SpriteLibraryVar@32.png using Guid(3e3d41c162ad74767b66168d4d94b99c) Importer(815301076,1909f56bfc062723c751e8b465ee728b)  -> (artifact id: 'b674a1d1312d0ce06bc651f510e59288') in 0.032094 seconds 
========================================================================
Received Import Request.
  Time since last request: 0.000018 seconds.
  path: Packages/com.unity.2d.animation/Editor/Assets/ComponentIcons/Animation.SpriteLibraryVar@64.png
  artifactKey: Guid(33cf904ffefc842ddb5ccf1565cd94b3) Importer(815301076,1909f56bfc062723c751e8b465ee728b)
Start importing Packages/com.unity.2d.animation/Editor/Assets/ComponentIcons/Animation.SpriteLibraryVar@64.png using Guid(33cf904ffefc842ddb5ccf1565cd94b3) Importer(815301076,1909f56bfc062723c751e8b465ee728b)  -> (artifact id: 'dac516d39fb4b77f688c54d86354ef38') in 0.016428 seconds 
========================================================================
Received Import Request.
  Time since last request: 0.000018 seconds.
  path: Packages/com.unity.2d.animation/Editor/Assets/ComponentIcons/Animation.SpriteLibraryVar@256.png
  artifactKey: Guid(af04f3196abef440b94c03fbe3dab00f) Importer(815301076,1909f56bfc062723c751e8b465ee728b)
Start importing Packages/com.unity.2d.animation/Editor/Assets/ComponentIcons/Animation.SpriteLibraryVar@256.png using Guid(af04f3196abef440b94c03fbe3dab00f) Importer(815301076,1909f56bfc062723c751e8b465ee728b)  -> (artifact id: '1bcd4f423090b67f3d2954e82a3739dc') in 0.038738 seconds 
========================================================================
Received Import Request.
  Time since last request: 0.000025 seconds.
  path: Packages/com.unity.2d.animation/Editor/Assets/ComponentIcons/Animation.SpriteResolver On.png
  artifactKey: Guid(db2b3974aac164565bda03b3e0d93046) Importer(815301076,1909f56bfc062723c751e8b465ee728b)
Start importing Packages/com.unity.2d.animation/Editor/Assets/ComponentIcons/Animation.SpriteResolver On.png using Guid(db2b3974aac164565bda03b3e0d93046) Importer(815301076,1909f56bfc062723c751e8b465ee728b)  -> (artifact id: 'f85024edcc9665fcb25166d2609c7790') in 0.028389 seconds 
========================================================================
Received Import Request.
  Time since last request: 0.000029 seconds.
  path: Packages/com.unity.2d.animation/Editor/Assets/ComponentIcons/Animation.SpriteResolver On@64.png
  artifactKey: Guid(1223ca7d04e5a4ad08a8d648c4e2a09e) Importer(815301076,1909f56bfc062723c751e8b465ee728b)
Start importing Packages/com.unity.2d.animation/Editor/Assets/ComponentIcons/Animation.SpriteResolver On@64.png using Guid(1223ca7d04e5a4ad08a8d648c4e2a09e) Importer(815301076,1909f56bfc062723c751e8b465ee728b)  -> (artifact id: '9268a81e5a6afaf2660ae262e7edd6f0') in 0.016745 seconds 
========================================================================
Received Import Request.
  Time since last request: 0.000017 seconds.
  path: Packages/com.unity.2d.animation/Editor/Assets/ComponentIcons/Animation.SpriteResolver On@256.png
  artifactKey: Guid(fa557b89ecf3d44f2b6cae783ce09806) Importer(815301076,1909f56bfc062723c751e8b465ee728b)
Start importing Packages/com.unity.2d.animation/Editor/Assets/ComponentIcons/Animation.SpriteResolver On@256.png using Guid(fa557b89ecf3d44f2b6cae783ce09806) Importer(815301076,1909f56bfc062723c751e8b465ee728b)  -> (artifact id: 'ab724550cabcd2e7ce7c67425ad1af93') in 0.035743 seconds 
========================================================================
Received Import Request.
  Time since last request: 0.000018 seconds.
  path: Packages/com.unity.2d.animation/Editor/Assets/ComponentIcons/Animation.SpriteResolver@64.png
  artifactKey: Guid(b1640c283050b4d23a677c6a445f058c) Importer(815301076,1909f56bfc062723c751e8b465ee728b)
Start importing Packages/com.unity.2d.animation/Editor/Assets/ComponentIcons/Animation.SpriteResolver@64.png using Guid(b1640c283050b4d23a677c6a445f058c) Importer(815301076,1909f56bfc062723c751e8b465ee728b)  -> (artifact id: '7a2488512402883fb956e8b8d9b3d1fd') in 0.015843 seconds 
========================================================================
Received Import Request.
  Time since last request: 0.000021 seconds.
  path: Packages/com.unity.2d.animation/Editor/Assets/ComponentIcons/Animation.SpriteSkin On.png
  artifactKey: Guid(4243996d9393248859e73ff6df05d8b3) Importer(815301076,1909f56bfc062723c751e8b465ee728b)
Start importing Packages/com.unity.2d.animation/Editor/Assets/ComponentIcons/Animation.SpriteSkin On.png using Guid(4243996d9393248859e73ff6df05d8b3) Importer(815301076,1909f56bfc062723c751e8b465ee728b)  -> (artifact id: 'd8ebf641935f735308086b09d326cfde') in 0.014993 seconds 
========================================================================
Received Import Request.
  Time since last request: 0.000020 seconds.
  path: Packages/com.unity.2d.animation/Editor/Assets/ComponentIcons/Animation.SpriteSkin On@32.png
  artifactKey: Guid(c48d0173f2d2c40679bc236de8551a69) Importer(815301076,1909f56bfc062723c751e8b465ee728b)
Start importing Packages/com.unity.2d.animation/Editor/Assets/ComponentIcons/Animation.SpriteSkin On@32.png using Guid(c48d0173f2d2c40679bc236de8551a69) Importer(815301076,1909f56bfc062723c751e8b465ee728b)  -> (artifact id: '3ed258ea5fb290bafda206deea215edd') in 0.033310 seconds 
========================================================================
Received Import Request.
  Time since last request: 0.000022 seconds.
  path: Packages/com.unity.2d.animation/Editor/Assets/ComponentIcons/Animation.SpriteSkin On@256.png
  artifactKey: Guid(678e07380549544ef9884c1817c65ae8) Importer(815301076,1909f56bfc062723c751e8b465ee728b)
Start importing Packages/com.unity.2d.animation/Editor/Assets/ComponentIcons/Animation.SpriteSkin On@256.png using Guid(678e07380549544ef9884c1817c65ae8) Importer(815301076,1909f56bfc062723c751e8b465ee728b)  -> (artifact id: '06ff9113660e91cd76f987a80b72d905') in 0.019625 seconds 
========================================================================
Received Import Request.
  Time since last request: 0.000023 seconds.
  path: Packages/com.unity.2d.animation/Editor/Assets/ComponentIcons/Animation.SpriteResolver@256.png
  artifactKey: Guid(8f526fff3bebe4808b05f8ae127482f0) Importer(815301076,1909f56bfc062723c751e8b465ee728b)
Start importing Packages/com.unity.2d.animation/Editor/Assets/ComponentIcons/Animation.SpriteResolver@256.png using Guid(8f526fff3bebe4808b05f8ae127482f0) Importer(815301076,1909f56bfc062723c751e8b465ee728b)  -> (artifact id: '3d98d3020c712ce3d92ea8250ba09b7b') in 0.018128 seconds 
========================================================================
Received Import Request.
  Time since last request: 0.001747 seconds.
  path: Packages/com.unity.2d.animation/Editor/Assets/ComponentIcons/Animation.SpriteSkin@32.png
  artifactKey: Guid(35f90efdb1e6d4fb29c4108de82bf1b2) Importer(815301076,1909f56bfc062723c751e8b465ee728b)
Start importing Packages/com.unity.2d.animation/Editor/Assets/ComponentIcons/Animation.SpriteSkin@32.png using Guid(35f90efdb1e6d4fb29c4108de82bf1b2) Importer(815301076,1909f56bfc062723c751e8b465ee728b)  -> (artifact id: '05d12b8013b56aee74129e079ea95f68') in 0.014972 seconds 
========================================================================
Received Import Request.
  Time since last request: 0.000023 seconds.
  path: Packages/com.unity.2d.animation/Editor/Assets/ComponentIcons/Animation.SpriteSkin@128.png
  artifactKey: Guid(5caee0ba7342b4b2cacdbe0e6030c7b0) Importer(815301076,1909f56bfc062723c751e8b465ee728b)
Start importing Packages/com.unity.2d.animation/Editor/Assets/ComponentIcons/Animation.SpriteSkin@128.png using Guid(5caee0ba7342b4b2cacdbe0e6030c7b0) Importer(815301076,1909f56bfc062723c751e8b465ee728b)  -> (artifact id: '09680193998d69a8f7c8cf6045b94b8f') in 0.017223 seconds 
========================================================================
Received Import Request.
  Time since last request: 0.000022 seconds.
  path: Packages/com.unity.2d.animation/Editor/Assets/EditorIcons/Light/Bone@3x.png
  artifactKey: Guid(76beef9fdae7b48468ddf07d0400a374) Importer(815301076,1909f56bfc062723c751e8b465ee728b)
Start importing Packages/com.unity.2d.animation/Editor/Assets/EditorIcons/Light/Bone@3x.png using Guid(76beef9fdae7b48468ddf07d0400a374) Importer(815301076,1909f56bfc062723c751e8b465ee728b)  -> (artifact id: 'b16025928c86f4b57e42b33ad45e7bc9') in 0.015034 seconds 
========================================================================
Received Import Request.
  Time since last request: 0.000017 seconds.
  path: Packages/com.unity.2d.animation/Editor/Assets/EditorIcons/Light/Bone_Influence.png
  artifactKey: Guid(e92fc44f12c21dd44a49e390f39f7ffd) Importer(815301076,1909f56bfc062723c751e8b465ee728b)
Start importing Packages/com.unity.2d.animation/Editor/Assets/EditorIcons/Light/Bone_Influence.png using Guid(e92fc44f12c21dd44a49e390f39f7ffd) Importer(815301076,1909f56bfc062723c751e8b465ee728b)  -> (artifact id: '9874f32300db24888afc877b6fcfd1b4') in 0.016172 seconds 
========================================================================
Received Import Request.
  Time since last request: 0.000017 seconds.
  path: Packages/com.unity.2d.animation/Editor/Assets/EditorIcons/Selected/Bone_Influence@2x.png
  artifactKey: Guid(0779ad3feec52124e97114bcbb12ef13) Importer(815301076,1909f56bfc062723c751e8b465ee728b)
Start importing Packages/com.unity.2d.animation/Editor/Assets/EditorIcons/Selected/Bone_Influence@2x.png using Guid(0779ad3feec52124e97114bcbb12ef13) Importer(815301076,1909f56bfc062723c751e8b465ee728b)  -> (artifact id: 'b2396c93f93c4d1ad70e75428d191908') in 0.016583 seconds 
========================================================================
Received Import Request.
  Time since last request: 0.000017 seconds.
  path: Packages/com.unity.2d.animation/Editor/Assets/EditorIcons/Selected/Bone_Influence@3x.png
  artifactKey: Guid(68e5a78013e33f247822a837e55b0ab4) Importer(815301076,1909f56bfc062723c751e8b465ee728b)
Start importing Packages/com.unity.2d.animation/Editor/Assets/EditorIcons/Selected/Bone_Influence@3x.png using Guid(68e5a78013e33f247822a837e55b0ab4) Importer(815301076,1909f56bfc062723c751e8b465ee728b)  -> (artifact id: '4025d1c5b9eea7b502d1c15212ea1aac') in 0.015812 seconds 
========================================================================
Received Import Request.
  Time since last request: 0.000021 seconds.
  path: Packages/com.unity.2d.animation/Editor/Assets/EditorIcons/Selected/Bone_Influence@4x.png
  artifactKey: Guid(daf2ab606d4db0d4f9ecf4c02137d2a8) Importer(815301076,1909f56bfc062723c751e8b465ee728b)
Start importing Packages/com.unity.2d.animation/Editor/Assets/EditorIcons/Selected/Bone_Influence@4x.png using Guid(daf2ab606d4db0d4f9ecf4c02137d2a8) Importer(815301076,1909f56bfc062723c751e8b465ee728b)  -> (artifact id: '7e72eea4c71ab8803936358f310d42cd') in 0.015941 seconds 
========================================================================
Received Import Request.
  Time since last request: 0.000021 seconds.
  path: Packages/com.unity.collab-proxy/Editor/PlasticSCM/Assets/Images/buttonssosigninunity.png
  artifactKey: Guid(f9161c6c9e06dc445ada3ee16d991f90) Importer(815301076,1909f56bfc062723c751e8b465ee728b)
Start importing Packages/com.unity.collab-proxy/Editor/PlasticSCM/Assets/Images/buttonssosigninunity.png using Guid(f9161c6c9e06dc445ada3ee16d991f90) Importer(815301076,1909f56bfc062723c751e8b465ee728b)  -> (artifact id: 'f05c4c0ce8b6a15e8ae82b3d63246e88') in 0.018759 seconds 
========================================================================
Received Import Request.
  Time since last request: 0.000016 seconds.
  path: Packages/com.unity.2d.animation/Editor/Assets/EditorIcons/Light/Bone_Influence@4x.png
  artifactKey: Guid(c7aa62ae78ffca0498c89e5f45f94c0e) Importer(815301076,1909f56bfc062723c751e8b465ee728b)
Start importing Packages/com.unity.2d.animation/Editor/Assets/EditorIcons/Light/Bone_Influence@4x.png using Guid(c7aa62ae78ffca0498c89e5f45f94c0e) Importer(815301076,1909f56bfc062723c751e8b465ee728b)  -> (artifact id: '286222fa1e554eaa7364aaad4c63da7c') in 0.016172 seconds 
========================================================================
Received Import Request.
  Time since last request: 0.000023 seconds.
  path: Packages/com.unity.2d.sprite/Editor/ObjectMenuCreation/DefaultAssets/Textures/Capsule.png
  artifactKey: Guid(bd3cb4af8406d4436a2ae8c2aafe1f8d) Importer(815301076,1909f56bfc062723c751e8b465ee728b)
Start importing Packages/com.unity.2d.sprite/Editor/ObjectMenuCreation/DefaultAssets/Textures/Capsule.png using Guid(bd3cb4af8406d4436a2ae8c2aafe1f8d) Importer(815301076,1909f56bfc062723c751e8b465ee728b)  -> (artifact id: '9d880127115f1a8bf97ab1669c356e95') in 0.058324 seconds 
========================================================================
Received Import Request.
  Time since last request: 0.000065 seconds.
  path: Packages/com.unity.2d.animation/Editor/Assets/EditorIcons/Light/character_Mode@2x.png
  artifactKey: Guid(25096ce515c063c48a2bd6b108c95912) Importer(815301076,1909f56bfc062723c751e8b465ee728b)
Start importing Packages/com.unity.2d.animation/Editor/Assets/EditorIcons/Light/character_Mode@2x.png using Guid(25096ce515c063c48a2bd6b108c95912) Importer(815301076,1909f56bfc062723c751e8b465ee728b)  -> (artifact id: '03b5bd50fc9a0e2594c132204cf0aa79') in 0.018594 seconds 
========================================================================
Received Import Request.
  Time since last request: 0.000021 seconds.
  path: Packages/com.unity.2d.animation/Editor/Assets/EditorIcons/Selected/character_Mode@4x.png
  artifactKey: Guid(0ccc508108fa6ed4fa11b4a467d7f609) Importer(815301076,1909f56bfc062723c751e8b465ee728b)
Start importing Packages/com.unity.2d.animation/Editor/Assets/EditorIcons/Selected/character_Mode@4x.png using Guid(0ccc508108fa6ed4fa11b4a467d7f609) Importer(815301076,1909f56bfc062723c751e8b465ee728b)  -> (artifact id: 'aac985d12fb7b57f09938a2879152a50') in 0.020585 seconds 
========================================================================
Received Import Request.
  Time since last request: 0.000022 seconds.
  path: Packages/com.unity.2d.animation/Editor/Assets/EditorIcons/Selected/character_Mode.png
  artifactKey: Guid(e60718119cec31e4190849292fcde068) Importer(815301076,1909f56bfc062723c751e8b465ee728b)
Start importing Packages/com.unity.2d.animation/Editor/Assets/EditorIcons/Selected/character_Mode.png using Guid(e60718119cec31e4190849292fcde068) Importer(815301076,1909f56bfc062723c751e8b465ee728b)  -> (artifact id: '1dfc4d40526faa9252e18c3c7f97b8dc') in 0.022452 seconds 
========================================================================
Received Import Request.
  Time since last request: 0.000023 seconds.
  path: Packages/com.unity.2d.sprite/Editor/ObjectMenuCreation/DefaultAssets/Textures/v2/Circle.png
  artifactKey: Guid(a86470a33a6bf42c4b3595704624658b) Importer(815301076,1909f56bfc062723c751e8b465ee728b)
Start importing Packages/com.unity.2d.sprite/Editor/ObjectMenuCreation/DefaultAssets/Textures/v2/Circle.png using Guid(a86470a33a6bf42c4b3595704624658b) Importer(815301076,1909f56bfc062723c751e8b465ee728b)  -> (artifact id: '7615155e6c2d6d41a71f76a42a04b5fb') in 0.034359 seconds 
========================================================================
Received Import Request.
  Time since last request: 0.000022 seconds.
  path: Packages/com.unity.2d.sprite/Editor/ObjectMenuCreation/DefaultAssets/Textures/CapsuleWithBorder.png
  artifactKey: Guid(34587324d412940a79d530020c957dc0) Importer(815301076,1909f56bfc062723c751e8b465ee728b)
Start importing Packages/com.unity.2d.sprite/Editor/ObjectMenuCreation/DefaultAssets/Textures/CapsuleWithBorder.png using Guid(34587324d412940a79d530020c957dc0) Importer(815301076,1909f56bfc062723c751e8b465ee728b)  -> (artifact id: 'a701584c10b69d42e8bdf6a52b7c7458') in 0.033099 seconds 
========================================================================
Received Import Request.
  Time since last request: 0.000031 seconds.
  path: Packages/com.unity.2d.animation/Editor/Assets/EditorIcons/Light/character_Mode.png
  artifactKey: Guid(d4d64a6cd9624c34a815dd79fb2a20a4) Importer(815301076,1909f56bfc062723c751e8b465ee728b)
Start importing Packages/com.unity.2d.animation/Editor/Assets/EditorIcons/Light/character_Mode.png using Guid(d4d64a6cd9624c34a815dd79fb2a20a4) Importer(815301076,1909f56bfc062723c751e8b465ee728b)  -> (artifact id: '42226bd845eb2039b8414ceb5d8a6fdb') in 0.033172 seconds 
Editor requested this worker to shutdown with reason: Scaling down because of idle timeout
AssetImportWorker is now disconnected from the server
Process exiting
Exiting without the bug reporter. Application will terminate with return code 0